d:\things\sadfi2259x\user files\scripts\cpp\imgui app\release\intermediate\vc143.pdb
d:\things\sadfi2259x\user files\scripts\cpp\imgui app\release\intermediate\main.obj
d:\things\sadfi2259x\user files\scripts\cpp\imgui app\release\intermediate\imgui_widgets.obj
d:\things\sadfi2259x\user files\scripts\cpp\imgui app\release\intermediate\imgui_tables.obj
d:\things\sadfi2259x\user files\scripts\cpp\imgui app\release\intermediate\imgui_impl_win32.obj
d:\things\sadfi2259x\user files\scripts\cpp\imgui app\release\intermediate\imgui_impl_dx9.obj
d:\things\sadfi2259x\user files\scripts\cpp\imgui app\release\intermediate\imgui_draw.obj
d:\things\sadfi2259x\user files\scripts\cpp\imgui app\release\intermediate\imgui_demo.obj
d:\things\sadfi2259x\user files\scripts\cpp\imgui app\release\intermediate\imgui.obj
d:\things\sadfi2259x\user files\scripts\cpp\imgui app\release\intermediate\imaddons.obj
d:\things\sadfi2259x\user files\scripts\cpp\imgui app\release\intermediate\base.obj
d:\things\sadfi2259x\user files\scripts\cpp\imgui app\release\intermediate\guibase.obj
d:\things\sadfi2259x\user files\scripts\cpp\imgui app\release\imgui.exe
d:\things\sadfi2259x\user files\scripts\cpp\imgui app\release\intermediate\imgui.ipdb
d:\things\sadfi2259x\user files\scripts\cpp\imgui app\release\intermediate\imgui.iobj
d:\things\sadfi2259x\user files\scripts\cpp\imgui app\release\imgui.pdb
d:\things\sadfi2259x\user files\scripts\cpp\imgui app\release\intermediate\imgui.vcxproj.filelistabsolute.txt
d:\things\sadfi2259x\user files\scripts\cpp\imgui app\release\intermediate\imgui.tlog\cl.command.1.tlog
d:\things\sadfi2259x\user files\scripts\cpp\imgui app\release\intermediate\imgui.tlog\cl.read.1.tlog
d:\things\sadfi2259x\user files\scripts\cpp\imgui app\release\intermediate\imgui.tlog\cl.write.1.tlog
d:\things\sadfi2259x\user files\scripts\cpp\imgui app\release\intermediate\imgui.tlog\link.command.1.tlog
d:\things\sadfi2259x\user files\scripts\cpp\imgui app\release\intermediate\imgui.tlog\link.read.1.tlog
d:\things\sadfi2259x\user files\scripts\cpp\imgui app\release\intermediate\imgui.tlog\link.write.1.tlog
