c:\users\sadfi2259x\desktop\orkgui\release\intermediate\vc143.pdb
c:\users\sadfi2259x\desktop\orkgui\release\intermediate\imgui_widgets.obj
c:\users\sadfi2259x\desktop\orkgui\release\intermediate\imgui_tables.obj
c:\users\sadfi2259x\desktop\orkgui\release\intermediate\imgui_impl_win32.obj
c:\users\sadfi2259x\desktop\orkgui\release\intermediate\imgui_impl_dx9.obj
c:\users\sadfi2259x\desktop\orkgui\release\intermediate\imgui_draw.obj
c:\users\sadfi2259x\desktop\orkgui\release\intermediate\imgui_demo.obj
c:\users\sadfi2259x\desktop\orkgui\release\intermediate\imgui.obj
c:\users\sadfi2259x\desktop\orkgui\release\intermediate\orkgui.obj
c:\users\sadfi2259x\desktop\orkgui\release\intermediate\main.obj
c:\users\sadfi2259x\desktop\orkgui\release\orkgui.exe
c:\users\sadfi2259x\desktop\orkgui\release\intermediate\orkgui.ipdb
c:\users\sadfi2259x\desktop\orkgui\release\intermediate\orkgui.iobj
c:\users\sadfi2259x\desktop\orkgui\release\orkgui.pdb
c:\users\sadfi2259x\desktop\orkgui\release\intermediate\orkgui.vcxproj.filelistabsolute.txt
c:\users\sadfi2259x\desktop\orkgui\release\intermediate\orkgui.tlog\cl.command.1.tlog
c:\users\sadfi2259x\desktop\orkgui\release\intermediate\orkgui.tlog\cl.read.1.tlog
c:\users\sadfi2259x\desktop\orkgui\release\intermediate\orkgui.tlog\cl.write.1.tlog
c:\users\sadfi2259x\desktop\orkgui\release\intermediate\orkgui.tlog\link.command.1.tlog
c:\users\sadfi2259x\desktop\orkgui\release\intermediate\orkgui.tlog\link.read.1.tlog
c:\users\sadfi2259x\desktop\orkgui\release\intermediate\orkgui.tlog\link.write.1.tlog
